2022-10-31 15:28:18,882:INFO:PyCaret Supervised Module
2022-10-31 15:28:18,916:INFO:ML Usecase: classification
2022-10-31 15:28:18,931:INFO:version 2.3.10
2022-10-31 15:28:18,938:INFO:Initializing setup()
2022-10-31 15:28:18,948:INFO:setup(target=Transported, ml_usecase=classification, available_plots={'parameter': 'Hyperparameters', 'auc': 'AUC', 'confusion_matrix': 'Confusion Matrix', 'threshold': 'Threshold', 'pr': 'Precision Recall', 'error': 'Prediction Error', 'class_report': 'Class Report', 'rfe': 'Feature Selection', 'learning': 'Learning Curve', 'manifold': 'Manifold Learning', 'calibration': 'Calibration Curve', 'vc': 'Validation Curve', 'dimension': 'Dimensions', 'feature': 'Feature Importance', 'feature_all': 'Feature Importance (All)', 'boundary': 'Decision Boundary', 'lift': 'Lift Chart', 'gain': 'Gain Chart', 'tree': 'Decision Tree', 'ks': 'KS Statistic Plot'}, train_size=0.7, test_data=None, preprocess=True, imputation_type=simple, iterative_imputation_iters=5, categorical_features=None, categorical_imputation=constant, categorical_iterative_imputer=lightgbm, ordinal_features=None, high_cardinality_features=None, high_cardinality_method=frequency, numeric_features=None, numeric_imputation=mean, numeric_iterative_imputer=lightgbm, date_features=None, ignore_features=None, normalize=False, normalize_method=zscore, transformation=False, transformation_method=yeo-johnson, handle_unknown_categorical=True, unknown_categorical_method=least_frequent, pca=False, pca_method=linear, pca_components=None, ignore_low_variance=False, combine_rare_levels=False, rare_level_threshold=0.1, bin_numeric_features=None, remove_outliers=False, outliers_threshold=0.05, remove_multicollinearity=False, multicollinearity_threshold=0.9, remove_perfect_collinearity=True, create_clusters=False, cluster_iter=20, polynomial_features=False, polynomial_degree=2, trigonometry_features=False, polynomial_threshold=0.1, group_features=None, group_names=None, feature_selection=False, feature_selection_threshold=0.8, feature_selection_method=classic, feature_interaction=False, feature_ratio=False, interaction_threshold=0.01, fix_imbalance=False, fix_imbalance_method=None, transform_target=False, transform_target_method=box-cox, data_split_shuffle=True, data_split_stratify=False, fold_strategy=stratifiedkfold, fold=10, fold_shuffle=False, fold_groups=None, n_jobs=-1, use_gpu=False, custom_pipeline=None, html=True, session_id=None, log_experiment=False, experiment_name=None, experiment_custom_tags=None, log_plots=False, log_profile=False, log_data=False, silent=True, verbose=True, profile=False, profile_kwargs=None, display=None)
2022-10-31 15:28:19,014:INFO:Checking environment
2022-10-31 15:28:19,020:INFO:python_version: 3.7.13
2022-10-31 15:28:19,055:INFO:python_build: ('default', 'Oct 19 2022 10:19:43')
2022-10-31 15:28:19,069:INFO:machine: AMD64
2022-10-31 15:28:19,115:INFO:platform: Windows-10-10.0.19041-SP0
2022-10-31 15:28:19,119:INFO:Memory: svmem(total=3976323072, available=471191552, percent=88.2, used=3505131520, free=471191552)
2022-10-31 15:28:19,125:INFO:Physical Core: 2
2022-10-31 15:28:19,141:INFO:Logical Core: 4
2022-10-31 15:28:19,198:INFO:Checking libraries
2022-10-31 15:28:19,216:INFO:pd==1.3.5
2022-10-31 15:28:19,228:INFO:numpy==1.19.5
2022-10-31 15:28:19,261:INFO:sklearn==0.23.2
2022-10-31 15:28:19,268:INFO:lightgbm==3.3.3
2022-10-31 15:28:19,284:WARNING:catboost not found
2022-10-31 15:28:19,308:WARNING:xgboost not found
2022-10-31 15:28:19,334:INFO:mlflow==1.30.0
2022-10-31 15:28:19,343:INFO:Checking Exceptions
2022-10-31 15:28:19,387:INFO:Declaring global variables
2022-10-31 15:28:19,447:INFO:USI: 4818
2022-10-31 15:28:19,452:INFO:pycaret_globals: {'_all_models_internal', 'display_container', 'fold_param', 'seed', 'pycaret_globals', 'stratify_param', '_internal_pipeline', 'experiment__', 'fix_imbalance_param', 'iterative_imputation_iters_param', 'n_jobs_param', '_available_plots', 'X_train', 'fix_imbalance_method_param', 'USI', 'prep_pipe', 'y_test', 'y', 'fold_shuffle_param', '_all_metrics', 'transform_target_param', 'logging_param', 'target_param', '_all_models', '_ml_usecase', 'log_plots_param', 'dashboard_logger', 'X_test', 'html_param', '_gpu_n_jobs_param', 'fold_groups_param', 'create_model_container', 'imputation_regressor', 'master_model_container', 'exp_name_log', 'fold_groups_param_full', 'fold_generator', 'data_before_preprocess', 'X', 'gpu_param', 'transform_target_method_param', 'imputation_classifier', 'y_train'}
2022-10-31 15:28:19,471:INFO:Preparing display monitor
2022-10-31 15:28:19,518:INFO:Preparing display monitor
2022-10-31 15:28:19,894:INFO:Importing libraries
2022-10-31 15:28:19,895:INFO:Copying data for preprocessing
2022-10-31 15:28:20,067:INFO:Declaring preprocessing parameters
2022-10-31 15:28:20,069:INFO:Creating preprocessing pipeline
2022-10-31 15:28:20,119:INFO:Preprocessing pipeline created successfully
2022-10-31 15:28:20,119:ERROR:(Process Exit): setup has been interupted with user command 'quit'. setup must rerun.
2022-10-31 15:28:20,120:INFO:Creating global containers
2022-10-31 15:28:20,339:INFO:Internal pipeline: Pipeline(memory=None, steps=[('empty_step', 'passthrough')], verbose=False)
2022-10-31 15:28:24,099:WARNING:Couldn't import xgboost.XGBClassifier
2022-10-31 15:28:24,108:WARNING:Couldn't import catboost.CatBoostClassifier
2022-10-31 15:28:24,820:WARNING:Couldn't import xgboost.XGBClassifier
2022-10-31 15:28:24,833:WARNING:Couldn't import catboost.CatBoostClassifier
2022-10-31 15:28:24,839:INFO:Creating grid variables
2022-10-31 15:28:24,914:INFO:create_model_container: 0
2022-10-31 15:28:24,917:INFO:master_model_container: 0
2022-10-31 15:28:24,920:INFO:display_container: 1
2022-10-31 15:28:24,973:INFO:Pipeline(memory=None,
         steps=[('dtypes',
                 DataTypes_Auto_infer(categorical_features=[],
                                      display_types=False, features_todrop=[],
                                      id_columns=[],
                                      ml_usecase='classification',
                                      numerical_features=[],
                                      target='Transported', time_features=[])),
                ('imputer',
                 Simple_Imputer(categorical_strategy='not_available',
                                fill_value_categorical=None,
                                fill_value_numerical=None,
                                numeric...
                ('scaling', 'passthrough'), ('P_transform', 'passthrough'),
                ('binn', 'passthrough'), ('rem_outliers', 'passthrough'),
                ('cluster_all', 'passthrough'),
                ('dummy', Dummify(target='Transported')),
                ('fix_perfect', Remove_100(target='Transported')),
                ('clean_names', Clean_Colum_Names()),
                ('feature_select', 'passthrough'), ('fix_multi', 'passthrough'),
                ('dfs', 'passthrough'), ('pca', 'passthrough')],
         verbose=False)
2022-10-31 15:28:24,999:INFO:setup() succesfully completed......................................
2022-10-31 15:28:25,950:INFO:Initializing compare_models()
2022-10-31 15:28:25,992:INFO:compare_models(include=None, fold=None, round=4, cross_validation=True, sort=Accuracy, n_select=1, budget_time=None, turbo=True, errors=ignore, fit_kwargs=None, groups=None, experiment_custom_tags=None, probability_threshold=None, verbose=True, display=None, exclude=None)
2022-10-31 15:28:25,997:INFO:Checking exceptions
2022-10-31 15:28:26,007:INFO:Preparing display monitor
2022-10-31 15:28:26,011:INFO:Preparing display monitor
2022-10-31 15:28:26,179:INFO:Initializing Logistic Regression
2022-10-31 15:28:26,183:INFO:Total runtime is 4.999240239461263e-05 minutes
2022-10-31 15:28:26,233:INFO:SubProcess create_model() called ==================================
2022-10-31 15:28:26,312:INFO:Initializing create_model()
2022-10-31 15:28:26,315:INFO:create_model(estimator=lr, fold=StratifiedKFold(n_splits=10, random_state=None, shuffle=False), round=4, cross_validation=True, predict=True, fit_kwargs={}, groups=None, refit=False, verbose=False, system=False, metrics=None, experiment_custom_tags=None, add_to_model_list=True, probability_threshold=None, display=<pycaret.internal.Display.Display object at 0x000002C0F7F6C588>, return_train_score=False, kwargs={})
2022-10-31 15:28:26,335:INFO:Checking exceptions
2022-10-31 15:28:26,341:INFO:Importing libraries
2022-10-31 15:28:26,345:INFO:Copying training dataset
2022-10-31 15:28:26,354:INFO:Defining folds
2022-10-31 15:28:26,362:INFO:Declaring metric variables
2022-10-31 15:28:26,513:INFO:Importing untrained model
2022-10-31 15:28:26,567:INFO:Logistic Regression Imported succesfully
2022-10-31 15:28:26,688:INFO:Starting cross validation
2022-10-31 15:28:26,698:INFO:Cross validating with StratifiedKFold(n_splits=10, random_state=None, shuffle=False), n_jobs=-1
2022-10-31 15:29:32,854:INFO:Calculating mean and std
2022-10-31 15:29:32,856:INFO:Creating metrics dataframe
2022-10-31 15:29:32,863:INFO:Uploading results into container
2022-10-31 15:29:32,863:INFO:Uploading model into container now
2022-10-31 15:29:32,864:INFO:create_model_container: 1
2022-10-31 15:29:32,864:INFO:master_model_container: 1
2022-10-31 15:29:32,865:INFO:display_container: 2
2022-10-31 15:29:32,866:INFO:LogisticRegression(C=1.0, class_weight=None, dual=False, fit_intercept=True,
                   intercept_scaling=1, l1_ratio=None, max_iter=1000,
                   multi_class='auto', n_jobs=None, penalty='l2',
                   random_state=4209, solver='lbfgs', tol=0.0001, verbose=0,
                   warm_start=False)
2022-10-31 15:29:32,927:INFO:create_model() succesfully completed......................................
2022-10-31 15:29:33,065:INFO:SubProcess create_model() end ==================================
2022-10-31 15:29:33,067:INFO:Creating metrics dataframe
2022-10-31 15:29:33,074:INFO:Initializing K Neighbors Classifier
2022-10-31 15:29:33,075:INFO:Total runtime is 1.1149283806482952 minutes
2022-10-31 15:29:33,082:INFO:SubProcess create_model() called ==================================
2022-10-31 15:29:33,084:INFO:Initializing create_model()
2022-10-31 15:29:33,084:INFO:create_model(estimator=knn, fold=StratifiedKFold(n_splits=10, random_state=None, shuffle=False), round=4, cross_validation=True, predict=True, fit_kwargs={}, groups=None, refit=False, verbose=False, system=False, metrics=None, experiment_custom_tags=None, add_to_model_list=True, probability_threshold=None, display=<pycaret.internal.Display.Display object at 0x000002C0F7F6C588>, return_train_score=False, kwargs={})
2022-10-31 15:29:33,085:INFO:Checking exceptions
2022-10-31 15:29:33,086:INFO:Importing libraries
2022-10-31 15:29:33,087:INFO:Copying training dataset
2022-10-31 15:29:33,088:INFO:Defining folds
2022-10-31 15:29:33,089:INFO:Declaring metric variables
2022-10-31 15:29:33,096:INFO:Importing untrained model
2022-10-31 15:29:33,104:INFO:K Neighbors Classifier Imported succesfully
2022-10-31 15:29:33,118:INFO:Starting cross validation
2022-10-31 15:29:33,120:INFO:Cross validating with StratifiedKFold(n_splits=10, random_state=None, shuffle=False), n_jobs=-1
2022-10-31 15:29:34,670:INFO:Calculating mean and std
2022-10-31 15:29:34,671:INFO:Creating metrics dataframe
2022-10-31 15:29:34,676:INFO:Uploading results into container
2022-10-31 15:29:34,677:INFO:Uploading model into container now
2022-10-31 15:29:34,677:INFO:create_model_container: 2
2022-10-31 15:29:34,678:INFO:master_model_container: 2
2022-10-31 15:29:34,679:INFO:display_container: 2
2022-10-31 15:29:34,680:INFO:KNeighborsClassifier(algorithm='auto', leaf_size=30, metric='minkowski',
                     metric_params=None, n_jobs=-1, n_neighbors=5, p=2,
                     weights='uniform')
2022-10-31 15:29:34,681:INFO:create_model() succesfully completed......................................
2022-10-31 15:29:34,802:INFO:SubProcess create_model() end ==================================
2022-10-31 15:29:34,802:INFO:Creating metrics dataframe
2022-10-31 15:29:34,813:INFO:Initializing Naive Bayes
2022-10-31 15:29:34,813:INFO:Total runtime is 1.1438992818196616 minutes
2022-10-31 15:29:34,821:INFO:SubProcess create_model() called ==================================
2022-10-31 15:29:34,822:INFO:Initializing create_model()
2022-10-31 15:29:34,823:INFO:create_model(estimator=nb, fold=StratifiedKFold(n_splits=10, random_state=None, shuffle=False), round=4, cross_validation=True, predict=True, fit_kwargs={}, groups=None, refit=False, verbose=False, system=False, metrics=None, experiment_custom_tags=None, add_to_model_list=True, probability_threshold=None, display=<pycaret.internal.Display.Display object at 0x000002C0F7F6C588>, return_train_score=False, kwargs={})
2022-10-31 15:29:34,825:INFO:Checking exceptions
2022-10-31 15:29:34,825:INFO:Importing libraries
2022-10-31 15:29:34,826:INFO:Copying training dataset
2022-10-31 15:29:34,827:INFO:Defining folds
2022-10-31 15:29:34,828:INFO:Declaring metric variables
2022-10-31 15:29:34,933:INFO:Importing untrained model
2022-10-31 15:29:34,940:INFO:Naive Bayes Imported succesfully
2022-10-31 15:29:34,954:INFO:Starting cross validation
2022-10-31 15:29:34,955:INFO:Cross validating with StratifiedKFold(n_splits=10, random_state=None, shuffle=False), n_jobs=-1
2022-10-31 15:29:36,158:INFO:Calculating mean and std
2022-10-31 15:29:36,158:INFO:Creating metrics dataframe
2022-10-31 15:29:36,166:INFO:Uploading results into container
2022-10-31 15:29:36,166:INFO:Uploading model into container now
2022-10-31 15:29:36,166:INFO:create_model_container: 3
2022-10-31 15:29:36,166:INFO:master_model_container: 3
2022-10-31 15:29:36,166:INFO:display_container: 2
2022-10-31 15:29:36,174:INFO:GaussianNB(priors=None, var_smoothing=1e-09)
2022-10-31 15:29:36,174:INFO:create_model() succesfully completed......................................
2022-10-31 15:29:36,314:INFO:SubProcess create_model() end ==================================
2022-10-31 15:29:36,315:INFO:Creating metrics dataframe
2022-10-31 15:29:36,324:INFO:Initializing Decision Tree Classifier
2022-10-31 15:29:36,324:INFO:Total runtime is 1.169080158074697 minutes
2022-10-31 15:29:36,331:INFO:SubProcess create_model() called ==================================
2022-10-31 15:29:36,332:INFO:Initializing create_model()
2022-10-31 15:29:36,333:INFO:create_model(estimator=dt, fold=StratifiedKFold(n_splits=10, random_state=None, shuffle=False), round=4, cross_validation=True, predict=True, fit_kwargs={}, groups=None, refit=False, verbose=False, system=False, metrics=None, experiment_custom_tags=None, add_to_model_list=True, probability_threshold=None, display=<pycaret.internal.Display.Display object at 0x000002C0F7F6C588>, return_train_score=False, kwargs={})
2022-10-31 15:29:36,334:INFO:Checking exceptions
2022-10-31 15:29:36,335:INFO:Importing libraries
2022-10-31 15:29:36,335:INFO:Copying training dataset
2022-10-31 15:29:36,336:INFO:Defining folds
2022-10-31 15:29:36,337:INFO:Declaring metric variables
2022-10-31 15:29:36,345:INFO:Importing untrained model
2022-10-31 15:29:36,356:INFO:Decision Tree Classifier Imported succesfully
2022-10-31 15:29:36,372:INFO:Starting cross validation
2022-10-31 15:29:36,373:INFO:Cross validating with StratifiedKFold(n_splits=10, random_state=None, shuffle=False), n_jobs=-1
2022-10-31 15:29:37,323:INFO:Calculating mean and std
2022-10-31 15:29:37,325:INFO:Creating metrics dataframe
2022-10-31 15:29:37,331:INFO:Uploading results into container
2022-10-31 15:29:37,332:INFO:Uploading model into container now
2022-10-31 15:29:37,332:INFO:create_model_container: 4
2022-10-31 15:29:37,333:INFO:master_model_container: 4
2022-10-31 15:29:37,334:INFO:display_container: 2
2022-10-31 15:29:37,335:INFO:DecisionTreeClassifier(ccp_alpha=0.0, class_weight=None, criterion='gini',
                       max_depth=None, max_features=None, max_leaf_nodes=None,
                       min_impurity_decrease=0.0, min_impurity_split=None,
                       min_samples_leaf=1, min_samples_split=2,
                       min_weight_fraction_leaf=0.0, presort='deprecated',
                       random_state=4209, splitter='best')
2022-10-31 15:29:37,336:INFO:create_model() succesfully completed......................................
2022-10-31 15:29:37,456:INFO:SubProcess create_model() end ==================================
2022-10-31 15:29:37,457:INFO:Creating metrics dataframe
2022-10-31 15:29:37,465:INFO:Initializing SVM - Linear Kernel
2022-10-31 15:29:37,465:INFO:Total runtime is 1.1881044904390972 minutes
2022-10-31 15:29:37,474:INFO:SubProcess create_model() called ==================================
2022-10-31 15:29:37,475:INFO:Initializing create_model()
2022-10-31 15:29:37,476:INFO:create_model(estimator=svm, fold=StratifiedKFold(n_splits=10, random_state=None, shuffle=False), round=4, cross_validation=True, predict=True, fit_kwargs={}, groups=None, refit=False, verbose=False, system=False, metrics=None, experiment_custom_tags=None, add_to_model_list=True, probability_threshold=None, display=<pycaret.internal.Display.Display object at 0x000002C0F7F6C588>, return_train_score=False, kwargs={})
2022-10-31 15:29:37,477:INFO:Checking exceptions
2022-10-31 15:29:37,495:INFO:Importing libraries
2022-10-31 15:29:37,496:INFO:Copying training dataset
2022-10-31 15:29:37,496:INFO:Defining folds
2022-10-31 15:29:37,497:INFO:Declaring metric variables
2022-10-31 15:29:37,504:INFO:Importing untrained model
2022-10-31 15:29:37,510:INFO:SVM - Linear Kernel Imported succesfully
2022-10-31 15:29:37,522:INFO:Starting cross validation
2022-10-31 15:29:37,552:INFO:Cross validating with StratifiedKFold(n_splits=10, random_state=None, shuffle=False), n_jobs=-1
2022-10-31 15:29:39,798:INFO:Calculating mean and std
2022-10-31 15:29:39,809:INFO:Creating metrics dataframe
2022-10-31 15:29:39,858:INFO:Uploading results into container
2022-10-31 15:29:39,861:INFO:Uploading model into container now
2022-10-31 15:29:39,865:INFO:create_model_container: 5
2022-10-31 15:29:39,867:INFO:master_model_container: 5
2022-10-31 15:29:39,871:INFO:display_container: 2
2022-10-31 15:29:39,881:INFO:SGDClassifier(alpha=0.0001, average=False, class_weight=None,
              early_stopping=False, epsilon=0.1, eta0=0.001, fit_intercept=True,
              l1_ratio=0.15, learning_rate='optimal', loss='hinge',
              max_iter=1000, n_iter_no_change=5, n_jobs=-1, penalty='l2',
              power_t=0.5, random_state=4209, shuffle=True, tol=0.001,
              validation_fraction=0.1, verbose=0, warm_start=False)
2022-10-31 15:29:39,910:INFO:create_model() succesfully completed......................................
2022-10-31 15:29:40,554:INFO:SubProcess create_model() end ==================================
2022-10-31 15:29:40,560:INFO:Creating metrics dataframe
2022-10-31 15:29:40,636:INFO:Initializing Ridge Classifier
2022-10-31 15:29:40,639:INFO:Total runtime is 1.240983855724335 minutes
2022-10-31 15:29:40,684:INFO:SubProcess create_model() called ==================================
2022-10-31 15:29:40,690:INFO:Initializing create_model()
2022-10-31 15:29:40,693:INFO:create_model(estimator=ridge, fold=StratifiedKFold(n_splits=10, random_state=None, shuffle=False), round=4, cross_validation=True, predict=True, fit_kwargs={}, groups=None, refit=False, verbose=False, system=False, metrics=None, experiment_custom_tags=None, add_to_model_list=True, probability_threshold=None, display=<pycaret.internal.Display.Display object at 0x000002C0F7F6C588>, return_train_score=False, kwargs={})
2022-10-31 15:29:40,700:INFO:Checking exceptions
2022-10-31 15:29:40,703:INFO:Importing libraries
2022-10-31 15:29:40,705:INFO:Copying training dataset
2022-10-31 15:29:40,711:INFO:Defining folds
2022-10-31 15:29:40,714:INFO:Declaring metric variables
2022-10-31 15:29:40,764:INFO:Importing untrained model
2022-10-31 15:29:40,965:INFO:Ridge Classifier Imported succesfully
2022-10-31 15:29:41,042:INFO:Starting cross validation
2022-10-31 15:29:41,050:INFO:Cross validating with StratifiedKFold(n_splits=10, random_state=None, shuffle=False), n_jobs=-1
2022-10-31 15:29:42,723:INFO:Calculating mean and std
2022-10-31 15:29:42,723:INFO:Creating metrics dataframe
2022-10-31 15:29:42,731:INFO:Uploading results into container
2022-10-31 15:29:42,731:INFO:Uploading model into container now
2022-10-31 15:29:42,731:INFO:create_model_container: 6
2022-10-31 15:29:42,731:INFO:master_model_container: 6
2022-10-31 15:29:42,731:INFO:display_container: 2
2022-10-31 15:29:42,739:INFO:RidgeClassifier(alpha=1.0, class_weight=None, copy_X=True, fit_intercept=True,
                max_iter=None, normalize=False, random_state=4209,
                solver='auto', tol=0.001)
2022-10-31 15:29:42,739:INFO:create_model() succesfully completed......................................
2022-10-31 15:29:42,877:INFO:SubProcess create_model() end ==================================
2022-10-31 15:29:42,877:INFO:Creating metrics dataframe
2022-10-31 15:29:42,885:INFO:Initializing Random Forest Classifier
2022-10-31 15:29:42,893:INFO:Total runtime is 1.278430775801341 minutes
2022-10-31 15:29:42,901:INFO:SubProcess create_model() called ==================================
2022-10-31 15:29:42,901:INFO:Initializing create_model()
2022-10-31 15:29:42,901:INFO:create_model(estimator=rf, fold=StratifiedKFold(n_splits=10, random_state=None, shuffle=False), round=4, cross_validation=True, predict=True, fit_kwargs={}, groups=None, refit=False, verbose=False, system=False, metrics=None, experiment_custom_tags=None, add_to_model_list=True, probability_threshold=None, display=<pycaret.internal.Display.Display object at 0x000002C0F7F6C588>, return_train_score=False, kwargs={})
2022-10-31 15:29:42,901:INFO:Checking exceptions
2022-10-31 15:29:42,901:INFO:Importing libraries
2022-10-31 15:29:42,901:INFO:Copying training dataset
2022-10-31 15:29:42,901:INFO:Defining folds
2022-10-31 15:29:42,901:INFO:Declaring metric variables
2022-10-31 15:29:42,917:INFO:Importing untrained model
2022-10-31 15:29:42,925:INFO:Random Forest Classifier Imported succesfully
2022-10-31 15:29:42,941:INFO:Starting cross validation
2022-10-31 15:29:42,941:INFO:Cross validating with StratifiedKFold(n_splits=10, random_state=None, shuffle=False), n_jobs=-1
2022-10-31 15:29:46,251:INFO:Calculating mean and std
2022-10-31 15:29:46,254:INFO:Creating metrics dataframe
2022-10-31 15:29:46,260:INFO:Uploading results into container
2022-10-31 15:29:46,260:INFO:Uploading model into container now
2022-10-31 15:29:46,261:INFO:create_model_container: 7
2022-10-31 15:29:46,261:INFO:master_model_container: 7
2022-10-31 15:29:46,262:INFO:display_container: 2
2022-10-31 15:29:46,263:INFO:RandomForestClassifier(bootstrap=True, ccp_alpha=0.0, class_weight=None,
                       criterion='gini', max_depth=None, max_features='auto',
                       max_leaf_nodes=None, max_samples=None,
                       min_impurity_decrease=0.0, min_impurity_split=None,
                       min_samples_leaf=1, min_samples_split=2,
                       min_weight_fraction_leaf=0.0, n_estimators=100,
                       n_jobs=-1, oob_score=False, random_state=4209, verbose=0,
                       warm_start=False)
2022-10-31 15:29:46,266:INFO:create_model() succesfully completed......................................
2022-10-31 15:29:46,507:INFO:SubProcess create_model() end ==================================
2022-10-31 15:29:46,507:INFO:Creating metrics dataframe
2022-10-31 15:29:46,515:INFO:Initializing Quadratic Discriminant Analysis
2022-10-31 15:29:46,515:INFO:Total runtime is 1.33893438577652 minutes
2022-10-31 15:29:46,531:INFO:SubProcess create_model() called ==================================
2022-10-31 15:29:46,531:INFO:Initializing create_model()
2022-10-31 15:29:46,531:INFO:create_model(estimator=qda, fold=StratifiedKFold(n_splits=10, random_state=None, shuffle=False), round=4, cross_validation=True, predict=True, fit_kwargs={}, groups=None, refit=False, verbose=False, system=False, metrics=None, experiment_custom_tags=None, add_to_model_list=True, probability_threshold=None, display=<pycaret.internal.Display.Display object at 0x000002C0F7F6C588>, return_train_score=False, kwargs={})
2022-10-31 15:29:46,596:INFO:Checking exceptions
2022-10-31 15:29:46,596:INFO:Importing libraries
2022-10-31 15:29:46,596:INFO:Copying training dataset
2022-10-31 15:29:46,596:INFO:Defining folds
2022-10-31 15:29:46,596:INFO:Declaring metric variables
2022-10-31 15:29:46,612:INFO:Importing untrained model
2022-10-31 15:29:46,620:INFO:Quadratic Discriminant Analysis Imported succesfully
2022-10-31 15:29:46,636:INFO:Starting cross validation
2022-10-31 15:29:46,644:INFO:Cross validating with StratifiedKFold(n_splits=10, random_state=None, shuffle=False), n_jobs=-1
2022-10-31 15:29:48,695:INFO:Calculating mean and std
2022-10-31 15:29:48,696:INFO:Creating metrics dataframe
2022-10-31 15:29:48,704:INFO:Uploading results into container
2022-10-31 15:29:48,704:INFO:Uploading model into container now
2022-10-31 15:29:48,704:INFO:create_model_container: 8
2022-10-31 15:29:48,705:INFO:master_model_container: 8
2022-10-31 15:29:48,705:INFO:display_container: 2
2022-10-31 15:29:48,706:INFO:QuadraticDiscriminantAnalysis(priors=None, reg_param=0.0,
                              store_covariance=False, tol=0.0001)
2022-10-31 15:29:48,707:INFO:create_model() succesfully completed......................................
2022-10-31 15:29:48,833:INFO:SubProcess create_model() end ==================================
2022-10-31 15:29:48,833:INFO:Creating metrics dataframe
2022-10-31 15:29:48,842:INFO:Initializing Ada Boost Classifier
2022-10-31 15:29:48,843:INFO:Total runtime is 1.3777332027753195 minutes
2022-10-31 15:29:48,851:INFO:SubProcess create_model() called ==================================
2022-10-31 15:29:48,859:INFO:Initializing create_model()
2022-10-31 15:29:48,861:INFO:create_model(estimator=ada, fold=StratifiedKFold(n_splits=10, random_state=None, shuffle=False), round=4, cross_validation=True, predict=True, fit_kwargs={}, groups=None, refit=False, verbose=False, system=False, metrics=None, experiment_custom_tags=None, add_to_model_list=True, probability_threshold=None, display=<pycaret.internal.Display.Display object at 0x000002C0F7F6C588>, return_train_score=False, kwargs={})
2022-10-31 15:29:48,863:INFO:Checking exceptions
2022-10-31 15:29:48,865:INFO:Importing libraries
2022-10-31 15:29:48,873:INFO:Copying training dataset
2022-10-31 15:29:48,874:INFO:Defining folds
2022-10-31 15:29:48,875:INFO:Declaring metric variables
2022-10-31 15:29:48,885:INFO:Importing untrained model
2022-10-31 15:29:48,925:INFO:Ada Boost Classifier Imported succesfully
2022-10-31 15:29:48,943:INFO:Starting cross validation
2022-10-31 15:29:48,944:INFO:Cross validating with StratifiedKFold(n_splits=10, random_state=None, shuffle=False), n_jobs=-1
2022-10-31 15:29:49,779:INFO:Calculating mean and std
2022-10-31 15:29:49,779:INFO:Creating metrics dataframe
2022-10-31 15:29:49,787:INFO:Uploading results into container
2022-10-31 15:29:49,787:INFO:Uploading model into container now
2022-10-31 15:29:49,787:INFO:create_model_container: 9
2022-10-31 15:29:49,787:INFO:master_model_container: 9
2022-10-31 15:29:49,787:INFO:display_container: 2
2022-10-31 15:29:49,787:INFO:AdaBoostClassifier(algorithm='SAMME.R', base_estimator=None, learning_rate=1.0,
                   n_estimators=50, random_state=4209)
2022-10-31 15:29:49,795:INFO:create_model() succesfully completed......................................
2022-10-31 15:29:49,958:INFO:SubProcess create_model() end ==================================
2022-10-31 15:29:49,958:INFO:Creating metrics dataframe
2022-10-31 15:29:49,966:INFO:Initializing Gradient Boosting Classifier
2022-10-31 15:29:49,966:INFO:Total runtime is 1.3964556892712912 minutes
2022-10-31 15:29:49,974:INFO:SubProcess create_model() called ==================================
2022-10-31 15:29:49,974:INFO:Initializing create_model()
2022-10-31 15:29:49,974:INFO:create_model(estimator=gbc, fold=StratifiedKFold(n_splits=10, random_state=None, shuffle=False), round=4, cross_validation=True, predict=True, fit_kwargs={}, groups=None, refit=False, verbose=False, system=False, metrics=None, experiment_custom_tags=None, add_to_model_list=True, probability_threshold=None, display=<pycaret.internal.Display.Display object at 0x000002C0F7F6C588>, return_train_score=False, kwargs={})
2022-10-31 15:29:49,974:INFO:Checking exceptions
2022-10-31 15:29:49,974:INFO:Importing libraries
2022-10-31 15:29:49,974:INFO:Copying training dataset
2022-10-31 15:29:49,974:INFO:Defining folds
2022-10-31 15:29:49,974:INFO:Declaring metric variables
2022-10-31 15:29:49,983:INFO:Importing untrained model
2022-10-31 15:29:49,991:INFO:Gradient Boosting Classifier Imported succesfully
2022-10-31 15:29:50,007:INFO:Starting cross validation
2022-10-31 15:29:50,007:INFO:Cross validating with StratifiedKFold(n_splits=10, random_state=None, shuffle=False), n_jobs=-1
2022-10-31 15:29:51,135:INFO:Calculating mean and std
2022-10-31 15:29:51,136:INFO:Creating metrics dataframe
2022-10-31 15:29:51,227:INFO:Uploading results into container
2022-10-31 15:29:51,228:INFO:Uploading model into container now
2022-10-31 15:29:51,228:INFO:create_model_container: 10
2022-10-31 15:29:51,229:INFO:master_model_container: 10
2022-10-31 15:29:51,229:INFO:display_container: 2
2022-10-31 15:29:51,231:INFO:GradientBoostingClassifier(ccp_alpha=0.0, criterion='friedman_mse', init=None,
                           learning_rate=0.1, loss='deviance', max_depth=3,
                           max_features=None, max_leaf_nodes=None,
                           min_impurity_decrease=0.0, min_impurity_split=None,
                           min_samples_leaf=1, min_samples_split=2,
                           min_weight_fraction_leaf=0.0, n_estimators=100,
                           n_iter_no_change=None, presort='deprecated',
                           random_state=4209, subsample=1.0, tol=0.0001,
                           validation_fraction=0.1, verbose=0,
                           warm_start=False)
2022-10-31 15:29:51,354:INFO:create_model() succesfully completed......................................
2022-10-31 15:29:51,563:INFO:SubProcess create_model() end ==================================
2022-10-31 15:29:51,571:INFO:Creating metrics dataframe
2022-10-31 15:29:51,579:INFO:Initializing Linear Discriminant Analysis
2022-10-31 15:29:51,579:INFO:Total runtime is 1.4233381668726603 minutes
2022-10-31 15:29:51,595:INFO:SubProcess create_model() called ==================================
2022-10-31 15:29:51,595:INFO:Initializing create_model()
2022-10-31 15:29:51,595:INFO:create_model(estimator=lda, fold=StratifiedKFold(n_splits=10, random_state=None, shuffle=False), round=4, cross_validation=True, predict=True, fit_kwargs={}, groups=None, refit=False, verbose=False, system=False, metrics=None, experiment_custom_tags=None, add_to_model_list=True, probability_threshold=None, display=<pycaret.internal.Display.Display object at 0x000002C0F7F6C588>, return_train_score=False, kwargs={})
2022-10-31 15:29:51,603:INFO:Checking exceptions
2022-10-31 15:29:51,603:INFO:Importing libraries
2022-10-31 15:29:51,603:INFO:Copying training dataset
2022-10-31 15:29:51,603:INFO:Defining folds
2022-10-31 15:29:51,603:INFO:Declaring metric variables
2022-10-31 15:29:51,619:INFO:Importing untrained model
2022-10-31 15:29:51,635:INFO:Linear Discriminant Analysis Imported succesfully
2022-10-31 15:29:51,659:INFO:Starting cross validation
2022-10-31 15:29:51,659:INFO:Cross validating with StratifiedKFold(n_splits=10, random_state=None, shuffle=False), n_jobs=-1
2022-10-31 15:29:53,897:INFO:Calculating mean and std
2022-10-31 15:29:53,899:INFO:Creating metrics dataframe
2022-10-31 15:29:53,912:INFO:Uploading results into container
2022-10-31 15:29:53,912:INFO:Uploading model into container now
2022-10-31 15:29:53,916:INFO:create_model_container: 11
2022-10-31 15:29:53,917:INFO:master_model_container: 11
2022-10-31 15:29:53,918:INFO:display_container: 2
2022-10-31 15:29:53,924:INFO:LinearDiscriminantAnalysis(n_components=None, priors=None, shrinkage=None,
                           solver='svd', store_covariance=False, tol=0.0001)
2022-10-31 15:29:53,953:INFO:create_model() succesfully completed......................................
2022-10-31 15:29:54,116:INFO:SubProcess create_model() end ==================================
2022-10-31 15:29:54,116:INFO:Creating metrics dataframe
2022-10-31 15:29:54,124:INFO:Initializing Extra Trees Classifier
2022-10-31 15:29:54,125:INFO:Total runtime is 1.465769398212433 minutes
2022-10-31 15:29:54,132:INFO:SubProcess create_model() called ==================================
2022-10-31 15:29:54,133:INFO:Initializing create_model()
2022-10-31 15:29:54,133:INFO:create_model(estimator=et, fold=StratifiedKFold(n_splits=10, random_state=None, shuffle=False), round=4, cross_validation=True, predict=True, fit_kwargs={}, groups=None, refit=False, verbose=False, system=False, metrics=None, experiment_custom_tags=None, add_to_model_list=True, probability_threshold=None, display=<pycaret.internal.Display.Display object at 0x000002C0F7F6C588>, return_train_score=False, kwargs={})
2022-10-31 15:29:54,134:INFO:Checking exceptions
2022-10-31 15:29:54,135:INFO:Importing libraries
2022-10-31 15:29:54,135:INFO:Copying training dataset
2022-10-31 15:29:54,137:INFO:Defining folds
2022-10-31 15:29:54,137:INFO:Declaring metric variables
2022-10-31 15:29:54,144:INFO:Importing untrained model
2022-10-31 15:29:54,151:INFO:Extra Trees Classifier Imported succesfully
2022-10-31 15:29:54,192:INFO:Starting cross validation
2022-10-31 15:29:54,196:INFO:Cross validating with StratifiedKFold(n_splits=10, random_state=None, shuffle=False), n_jobs=-1
2022-10-31 15:29:57,589:INFO:Calculating mean and std
2022-10-31 15:29:57,591:INFO:Creating metrics dataframe
2022-10-31 15:29:57,597:INFO:Uploading results into container
2022-10-31 15:29:57,597:INFO:Uploading model into container now
2022-10-31 15:29:57,598:INFO:create_model_container: 12
2022-10-31 15:29:57,598:INFO:master_model_container: 12
2022-10-31 15:29:57,599:INFO:display_container: 2
2022-10-31 15:29:57,601:INFO:ExtraTreesClassifier(bootstrap=False, ccp_alpha=0.0, class_weight=None,
                     criterion='gini', max_depth=None, max_features='auto',
                     max_leaf_nodes=None, max_samples=None,
                     min_impurity_decrease=0.0, min_impurity_split=None,
                     min_samples_leaf=1, min_samples_split=2,
                     min_weight_fraction_leaf=0.0, n_estimators=100, n_jobs=-1,
                     oob_score=False, random_state=4209, verbose=0,
                     warm_start=False)
2022-10-31 15:29:57,602:INFO:create_model() succesfully completed......................................
2022-10-31 15:29:57,759:INFO:SubProcess create_model() end ==================================
2022-10-31 15:29:57,760:INFO:Creating metrics dataframe
2022-10-31 15:29:57,773:INFO:Initializing Light Gradient Boosting Machine
2022-10-31 15:29:57,773:INFO:Total runtime is 1.5265644470850628 minutes
2022-10-31 15:29:57,788:INFO:SubProcess create_model() called ==================================
2022-10-31 15:29:57,804:INFO:Initializing create_model()
2022-10-31 15:29:57,822:INFO:create_model(estimator=lightgbm, fold=StratifiedKFold(n_splits=10, random_state=None, shuffle=False), round=4, cross_validation=True, predict=True, fit_kwargs={}, groups=None, refit=False, verbose=False, system=False, metrics=None, experiment_custom_tags=None, add_to_model_list=True, probability_threshold=None, display=<pycaret.internal.Display.Display object at 0x000002C0F7F6C588>, return_train_score=False, kwargs={})
2022-10-31 15:29:57,825:INFO:Checking exceptions
2022-10-31 15:29:57,830:INFO:Importing libraries
2022-10-31 15:29:57,831:INFO:Copying training dataset
2022-10-31 15:29:57,832:INFO:Defining folds
2022-10-31 15:29:57,849:INFO:Declaring metric variables
2022-10-31 15:29:57,878:INFO:Importing untrained model
2022-10-31 15:29:57,909:INFO:Light Gradient Boosting Machine Imported succesfully
2022-10-31 15:29:57,932:INFO:Starting cross validation
2022-10-31 15:29:57,934:INFO:Cross validating with StratifiedKFold(n_splits=10, random_state=None, shuffle=False), n_jobs=-1
2022-10-31 15:30:01,817:INFO:Calculating mean and std
2022-10-31 15:30:01,818:INFO:Creating metrics dataframe
2022-10-31 15:30:02,046:INFO:Uploading results into container
2022-10-31 15:30:02,053:INFO:Uploading model into container now
2022-10-31 15:30:02,056:INFO:create_model_container: 13
2022-10-31 15:30:02,060:INFO:master_model_container: 13
2022-10-31 15:30:02,071:INFO:display_container: 2
2022-10-31 15:30:02,086:INFO:LGBMClassifier(boosting_type='gbdt', class_weight=None, colsample_bytree=1.0,
               importance_type='split', learning_rate=0.1, max_depth=-1,
               min_child_samples=20, min_child_weight=0.001, min_split_gain=0.0,
               n_estimators=100, n_jobs=-1, num_leaves=31, objective=None,
               random_state=4209, reg_alpha=0.0, reg_lambda=0.0, silent='warn',
               subsample=1.0, subsample_for_bin=200000, subsample_freq=0)
2022-10-31 15:30:02,118:INFO:create_model() succesfully completed......................................
2022-10-31 15:30:02,732:INFO:SubProcess create_model() end ==================================
2022-10-31 15:30:02,736:INFO:Creating metrics dataframe
2022-10-31 15:30:02,831:INFO:Initializing Dummy Classifier
2022-10-31 15:30:02,834:INFO:Total runtime is 1.6108981172243755 minutes
2022-10-31 15:30:02,942:INFO:SubProcess create_model() called ==================================
2022-10-31 15:30:02,953:INFO:Initializing create_model()
2022-10-31 15:30:02,957:INFO:create_model(estimator=dummy, fold=StratifiedKFold(n_splits=10, random_state=None, shuffle=False), round=4, cross_validation=True, predict=True, fit_kwargs={}, groups=None, refit=False, verbose=False, system=False, metrics=None, experiment_custom_tags=None, add_to_model_list=True, probability_threshold=None, display=<pycaret.internal.Display.Display object at 0x000002C0F7F6C588>, return_train_score=False, kwargs={})
2022-10-31 15:30:02,964:INFO:Checking exceptions
2022-10-31 15:30:02,987:INFO:Importing libraries
2022-10-31 15:30:02,995:INFO:Copying training dataset
2022-10-31 15:30:03,004:INFO:Defining folds
2022-10-31 15:30:03,009:INFO:Declaring metric variables
2022-10-31 15:30:03,105:INFO:Importing untrained model
2022-10-31 15:30:03,177:INFO:Dummy Classifier Imported succesfully
2022-10-31 15:30:03,391:INFO:Starting cross validation
2022-10-31 15:30:03,398:INFO:Cross validating with StratifiedKFold(n_splits=10, random_state=None, shuffle=False), n_jobs=-1
2022-10-31 15:30:04,296:INFO:Calculating mean and std
2022-10-31 15:30:04,304:INFO:Creating metrics dataframe
2022-10-31 15:30:04,370:INFO:Uploading results into container
2022-10-31 15:30:04,373:INFO:Uploading model into container now
2022-10-31 15:30:04,377:INFO:create_model_container: 14
2022-10-31 15:30:04,380:INFO:master_model_container: 14
2022-10-31 15:30:04,383:INFO:display_container: 2
2022-10-31 15:30:04,389:INFO:DummyClassifier(constant=None, random_state=4209, strategy='prior')
2022-10-31 15:30:04,392:INFO:create_model() succesfully completed......................................
2022-10-31 15:30:05,062:INFO:SubProcess create_model() end ==================================
2022-10-31 15:30:05,067:INFO:Creating metrics dataframe
2022-10-31 15:30:05,371:INFO:Initializing create_model()
2022-10-31 15:30:05,373:INFO:create_model(estimator=LogisticRegression(C=1.0, class_weight=None, dual=False, fit_intercept=True,
                   intercept_scaling=1, l1_ratio=None, max_iter=1000,
                   multi_class='auto', n_jobs=None, penalty='l2',
                   random_state=4209, solver='lbfgs', tol=0.0001, verbose=0,
                   warm_start=False), fold=StratifiedKFold(n_splits=10, random_state=None, shuffle=False), round=4, cross_validation=False, predict=False, fit_kwargs={}, groups=None, refit=True, verbose=False, system=False, metrics=None, experiment_custom_tags=None, add_to_model_list=True, probability_threshold=None, display=None, return_train_score=False, kwargs={})
2022-10-31 15:30:05,398:INFO:Checking exceptions
2022-10-31 15:30:05,409:INFO:Importing libraries
2022-10-31 15:30:05,413:INFO:Copying training dataset
2022-10-31 15:30:05,418:INFO:Defining folds
2022-10-31 15:30:05,445:INFO:Declaring metric variables
2022-10-31 15:30:05,448:INFO:Importing untrained model
2022-10-31 15:30:05,452:INFO:Declaring custom model
2022-10-31 15:30:05,478:INFO:Logistic Regression Imported succesfully
2022-10-31 15:30:05,488:INFO:Cross validation set to False
2022-10-31 15:30:05,494:INFO:Fitting Model
2022-10-31 15:30:07,016:INFO:LogisticRegression(C=1.0, class_weight=None, dual=False, fit_intercept=True,
                   intercept_scaling=1, l1_ratio=None, max_iter=1000,
                   multi_class='auto', n_jobs=None, penalty='l2',
                   random_state=4209, solver='lbfgs', tol=0.0001, verbose=0,
                   warm_start=False)
2022-10-31 15:30:07,024:INFO:create_models() succesfully completed......................................
2022-10-31 15:30:07,751:INFO:create_model_container: 14
2022-10-31 15:30:07,755:INFO:master_model_container: 14
2022-10-31 15:30:07,758:INFO:display_container: 2
2022-10-31 15:30:07,764:INFO:LogisticRegression(C=1.0, class_weight=None, dual=False, fit_intercept=True,
                   intercept_scaling=1, l1_ratio=None, max_iter=1000,
                   multi_class='auto', n_jobs=None, penalty='l2',
                   random_state=4209, solver='lbfgs', tol=0.0001, verbose=0,
                   warm_start=False)
2022-10-31 15:30:07,777:INFO:compare_models() succesfully completed......................................
2022-10-31 15:30:08,003:INFO:Initializing save_model()
2022-10-31 15:30:08,029:INFO:save_model(model=LogisticRegression(C=1.0, class_weight=None, dual=False, fit_intercept=True,
                   intercept_scaling=1, l1_ratio=None, max_iter=1000,
                   multi_class='auto', n_jobs=None, penalty='l2',
                   random_state=4209, solver='lbfgs', tol=0.0001, verbose=0,
                   warm_start=False), model_name=best_model, prep_pipe_=Pipeline(memory=None,
         steps=[('dtypes',
                 DataTypes_Auto_infer(categorical_features=[],
                                      display_types=False, features_todrop=[],
                                      id_columns=[],
                                      ml_usecase='classification',
                                      numerical_features=[],
                                      target='Transported', time_features=[])),
                ('imputer',
                 Simple_Imputer(categorical_strategy='not_available',
                                fill_value_categorical=None,
                                fill_value_numerical=None,
                                numeric...
                ('scaling', 'passthrough'), ('P_transform', 'passthrough'),
                ('binn', 'passthrough'), ('rem_outliers', 'passthrough'),
                ('cluster_all', 'passthrough'),
                ('dummy', Dummify(target='Transported')),
                ('fix_perfect', Remove_100(target='Transported')),
                ('clean_names', Clean_Colum_Names()),
                ('feature_select', 'passthrough'), ('fix_multi', 'passthrough'),
                ('dfs', 'passthrough'), ('pca', 'passthrough')],
         verbose=False), verbose=True, kwargs={})
2022-10-31 15:30:08,054:INFO:Adding model into prep_pipe
2022-10-31 15:30:08,326:INFO:best_model.pkl saved in current working directory
2022-10-31 15:30:08,452:INFO:Pipeline(memory=None,
         steps=[('dtypes',
                 DataTypes_Auto_infer(categorical_features=[],
                                      display_types=False, features_todrop=[],
                                      id_columns=[],
                                      ml_usecase='classification',
                                      numerical_features=[],
                                      target='Transported', time_features=[])),
                ('imputer',
                 Simple_Imputer(categorical_strategy='not_available',
                                fill_value_categorical=None,
                                fill_value_numerical=None,
                                numeric...
                ('feature_select', 'passthrough'), ('fix_multi', 'passthrough'),
                ('dfs', 'passthrough'), ('pca', 'passthrough'),
                ['trained_model',
                 LogisticRegression(C=1.0, class_weight=None, dual=False,
                                    fit_intercept=True, intercept_scaling=1,
                                    l1_ratio=None, max_iter=1000,
                                    multi_class='auto', n_jobs=None,
                                    penalty='l2', random_state=4209,
                                    solver='lbfgs', tol=0.0001, verbose=0,
                                    warm_start=False)]],
         verbose=False)
2022-10-31 15:30:08,478:INFO:save_model() successfully completed......................................
2022-10-31 15:50:24,386:INFO:PyCaret Supervised Module
2022-10-31 15:50:24,460:INFO:ML Usecase: classification
2022-10-31 15:50:24,480:INFO:version 2.3.10
2022-10-31 15:50:24,515:INFO:Initializing setup()
2022-10-31 15:50:24,522:INFO:setup(target=Transported, ml_usecase=classification, available_plots={'parameter': 'Hyperparameters', 'auc': 'AUC', 'confusion_matrix': 'Confusion Matrix', 'threshold': 'Threshold', 'pr': 'Precision Recall', 'error': 'Prediction Error', 'class_report': 'Class Report', 'rfe': 'Feature Selection', 'learning': 'Learning Curve', 'manifold': 'Manifold Learning', 'calibration': 'Calibration Curve', 'vc': 'Validation Curve', 'dimension': 'Dimensions', 'feature': 'Feature Importance', 'feature_all': 'Feature Importance (All)', 'boundary': 'Decision Boundary', 'lift': 'Lift Chart', 'gain': 'Gain Chart', 'tree': 'Decision Tree', 'ks': 'KS Statistic Plot'}, train_size=0.7, test_data=None, preprocess=True, imputation_type=simple, iterative_imputation_iters=5, categorical_features=None, categorical_imputation=constant, categorical_iterative_imputer=lightgbm, ordinal_features=None, high_cardinality_features=None, high_cardinality_method=frequency, numeric_features=None, numeric_imputation=mean, numeric_iterative_imputer=lightgbm, date_features=None, ignore_features=None, normalize=False, normalize_method=zscore, transformation=False, transformation_method=yeo-johnson, handle_unknown_categorical=True, unknown_categorical_method=least_frequent, pca=False, pca_method=linear, pca_components=None, ignore_low_variance=False, combine_rare_levels=False, rare_level_threshold=0.1, bin_numeric_features=None, remove_outliers=False, outliers_threshold=0.05, remove_multicollinearity=False, multicollinearity_threshold=0.9, remove_perfect_collinearity=True, create_clusters=False, cluster_iter=20, polynomial_features=False, polynomial_degree=2, trigonometry_features=False, polynomial_threshold=0.1, group_features=None, group_names=None, feature_selection=False, feature_selection_threshold=0.8, feature_selection_method=classic, feature_interaction=False, feature_ratio=False, interaction_threshold=0.01, fix_imbalance=False, fix_imbalance_method=None, transform_target=False, transform_target_method=box-cox, data_split_shuffle=True, data_split_stratify=False, fold_strategy=stratifiedkfold, fold=10, fold_shuffle=False, fold_groups=None, n_jobs=-1, use_gpu=False, custom_pipeline=None, html=True, session_id=None, log_experiment=False, experiment_name=None, experiment_custom_tags=None, log_plots=False, log_profile=False, log_data=False, silent=True, verbose=True, profile=False, profile_kwargs=None, display=None)
2022-10-31 15:50:24,554:INFO:Checking environment
2022-10-31 15:50:24,559:INFO:python_version: 3.7.13
2022-10-31 15:50:24,562:INFO:python_build: ('default', 'Oct 19 2022 10:19:43')
2022-10-31 15:50:24,581:INFO:machine: AMD64
2022-10-31 15:50:24,584:INFO:platform: Windows-10-10.0.19041-SP0
2022-10-31 15:50:24,587:INFO:Memory: svmem(total=3976323072, available=652345344, percent=83.6, used=3323977728, free=652345344)
2022-10-31 15:50:24,592:INFO:Physical Core: 2
2022-10-31 15:50:24,596:INFO:Logical Core: 4
2022-10-31 15:50:24,600:INFO:Checking libraries
2022-10-31 15:50:24,602:INFO:pd==1.3.5
2022-10-31 15:50:24,605:INFO:numpy==1.19.5
2022-10-31 15:50:24,634:INFO:sklearn==0.23.2
2022-10-31 15:50:24,663:INFO:lightgbm==3.3.3
2022-10-31 15:50:24,699:WARNING:catboost not found
2022-10-31 15:50:24,744:WARNING:xgboost not found
2022-10-31 15:50:24,760:INFO:mlflow==1.30.0
2022-10-31 15:50:24,784:INFO:Checking Exceptions
2022-10-31 15:50:24,820:INFO:Declaring global variables
2022-10-31 15:50:24,841:INFO:USI: c43b
2022-10-31 15:50:24,865:INFO:pycaret_globals: {'_all_models_internal', 'display_container', 'fold_param', 'seed', 'pycaret_globals', 'stratify_param', '_internal_pipeline', 'experiment__', 'fix_imbalance_param', 'iterative_imputation_iters_param', 'n_jobs_param', '_available_plots', 'X_train', 'fix_imbalance_method_param', 'USI', 'prep_pipe', 'y_test', 'y', 'fold_shuffle_param', '_all_metrics', 'transform_target_param', 'logging_param', 'target_param', '_all_models', '_ml_usecase', 'log_plots_param', 'dashboard_logger', 'X_test', 'html_param', '_gpu_n_jobs_param', 'fold_groups_param', 'create_model_container', 'imputation_regressor', 'master_model_container', 'exp_name_log', 'fold_groups_param_full', 'fold_generator', 'data_before_preprocess', 'X', 'gpu_param', 'transform_target_method_param', 'imputation_classifier', 'y_train'}
2022-10-31 15:50:24,892:INFO:Preparing display monitor
2022-10-31 15:50:24,937:INFO:Preparing display monitor
2022-10-31 15:50:25,857:INFO:Importing libraries
2022-10-31 15:50:25,872:INFO:Copying data for preprocessing
2022-10-31 15:50:26,020:INFO:Declaring preprocessing parameters
2022-10-31 15:50:26,034:INFO:Creating preprocessing pipeline
2022-10-31 15:50:26,085:INFO:Preprocessing pipeline created successfully
2022-10-31 15:50:26,112:ERROR:(Process Exit): setup has been interupted with user command 'quit'. setup must rerun.
2022-10-31 15:50:26,123:INFO:Creating global containers
2022-10-31 15:50:26,136:INFO:Internal pipeline: Pipeline(memory=None, steps=[('empty_step', 'passthrough')], verbose=False)
2022-10-31 15:50:27,235:WARNING:Couldn't import xgboost.XGBClassifier
2022-10-31 15:50:27,240:WARNING:Couldn't import catboost.CatBoostClassifier
2022-10-31 15:50:27,455:WARNING:Couldn't import xgboost.XGBClassifier
2022-10-31 15:50:27,457:WARNING:Couldn't import catboost.CatBoostClassifier
2022-10-31 15:50:27,459:INFO:Creating grid variables
2022-10-31 15:50:27,463:INFO:create_model_container: 0
2022-10-31 15:50:27,464:INFO:master_model_container: 0
2022-10-31 15:50:27,464:INFO:display_container: 1
2022-10-31 15:50:27,472:INFO:Pipeline(memory=None,
         steps=[('dtypes',
                 DataTypes_Auto_infer(categorical_features=[],
                                      display_types=False, features_todrop=[],
                                      id_columns=[],
                                      ml_usecase='classification',
                                      numerical_features=[],
                                      target='Transported', time_features=[])),
                ('imputer',
                 Simple_Imputer(categorical_strategy='not_available',
                                fill_value_categorical=None,
                                fill_value_numerical=None,
                                numeric...
                ('scaling', 'passthrough'), ('P_transform', 'passthrough'),
                ('binn', 'passthrough'), ('rem_outliers', 'passthrough'),
                ('cluster_all', 'passthrough'),
                ('dummy', Dummify(target='Transported')),
                ('fix_perfect', Remove_100(target='Transported')),
                ('clean_names', Clean_Colum_Names()),
                ('feature_select', 'passthrough'), ('fix_multi', 'passthrough'),
                ('dfs', 'passthrough'), ('pca', 'passthrough')],
         verbose=False)
2022-10-31 15:50:27,476:INFO:setup() succesfully completed......................................
2022-10-31 15:50:28,194:INFO:Initializing compare_models()
2022-10-31 15:50:28,246:INFO:compare_models(include=None, fold=None, round=4, cross_validation=True, sort=Accuracy, n_select=1, budget_time=None, turbo=True, errors=ignore, fit_kwargs=None, groups=None, experiment_custom_tags=None, probability_threshold=None, verbose=True, display=None, exclude=None)
2022-10-31 15:50:28,247:INFO:Checking exceptions
2022-10-31 15:50:28,248:INFO:Preparing display monitor
2022-10-31 15:50:28,249:INFO:Preparing display monitor
2022-10-31 15:50:28,282:INFO:Initializing Logistic Regression
2022-10-31 15:50:28,284:INFO:Total runtime is 3.3350785573323566e-05 minutes
2022-10-31 15:50:28,294:INFO:SubProcess create_model() called ==================================
2022-10-31 15:50:28,296:INFO:Initializing create_model()
2022-10-31 15:50:28,297:INFO:create_model(estimator=lr, fold=StratifiedKFold(n_splits=10, random_state=None, shuffle=False), round=4, cross_validation=True, predict=True, fit_kwargs={}, groups=None, refit=False, verbose=False, system=False, metrics=None, experiment_custom_tags=None, add_to_model_list=True, probability_threshold=None, display=<pycaret.internal.Display.Display object at 0x000002C0F74A3588>, return_train_score=False, kwargs={})
2022-10-31 15:50:28,299:INFO:Checking exceptions
2022-10-31 15:50:28,299:INFO:Importing libraries
2022-10-31 15:50:28,300:INFO:Copying training dataset
2022-10-31 15:50:28,302:INFO:Defining folds
2022-10-31 15:50:28,302:INFO:Declaring metric variables
2022-10-31 15:50:28,310:INFO:Importing untrained model
2022-10-31 15:50:28,319:INFO:Logistic Regression Imported succesfully
2022-10-31 15:50:28,343:INFO:Starting cross validation
2022-10-31 15:50:28,345:INFO:Cross validating with StratifiedKFold(n_splits=10, random_state=None, shuffle=False), n_jobs=-1
2022-10-31 15:51:27,298:INFO:Calculating mean and std
2022-10-31 15:51:27,298:INFO:Creating metrics dataframe
2022-10-31 15:51:27,306:INFO:Uploading results into container
2022-10-31 15:51:27,306:INFO:Uploading model into container now
2022-10-31 15:51:27,306:INFO:create_model_container: 1
2022-10-31 15:51:27,306:INFO:master_model_container: 1
2022-10-31 15:51:27,306:INFO:display_container: 2
2022-10-31 15:51:27,314:INFO:LogisticRegression(C=1.0, class_weight=None, dual=False, fit_intercept=True,
                   intercept_scaling=1, l1_ratio=None, max_iter=1000,
                   multi_class='auto', n_jobs=None, penalty='l2',
                   random_state=4489, solver='lbfgs', tol=0.0001, verbose=0,
                   warm_start=False)
2022-10-31 15:51:27,314:INFO:create_model() succesfully completed......................................
2022-10-31 15:51:27,485:INFO:SubProcess create_model() end ==================================
2022-10-31 15:51:27,485:INFO:Creating metrics dataframe
2022-10-31 15:51:27,499:INFO:Initializing K Neighbors Classifier
2022-10-31 15:51:27,507:INFO:Total runtime is 0.9870775461196899 minutes
2022-10-31 15:51:27,507:INFO:SubProcess create_model() called ==================================
2022-10-31 15:51:27,515:INFO:Initializing create_model()
2022-10-31 15:51:27,515:INFO:create_model(estimator=knn, fold=StratifiedKFold(n_splits=10, random_state=None, shuffle=False), round=4, cross_validation=True, predict=True, fit_kwargs={}, groups=None, refit=False, verbose=False, system=False, metrics=None, experiment_custom_tags=None, add_to_model_list=True, probability_threshold=None, display=<pycaret.internal.Display.Display object at 0x000002C0F74A3588>, return_train_score=False, kwargs={})
2022-10-31 15:51:27,515:INFO:Checking exceptions
2022-10-31 15:51:27,515:INFO:Importing libraries
2022-10-31 15:51:27,515:INFO:Copying training dataset
2022-10-31 15:51:27,515:INFO:Defining folds
2022-10-31 15:51:27,515:INFO:Declaring metric variables
2022-10-31 15:51:27,523:INFO:Importing untrained model
2022-10-31 15:51:27,539:INFO:K Neighbors Classifier Imported succesfully
2022-10-31 15:51:28,450:INFO:Starting cross validation
2022-10-31 15:51:28,452:INFO:Cross validating with StratifiedKFold(n_splits=10, random_state=None, shuffle=False), n_jobs=-1
2022-10-31 15:51:29,849:INFO:Calculating mean and std
2022-10-31 15:51:29,851:INFO:Creating metrics dataframe
2022-10-31 15:51:29,862:INFO:Uploading results into container
2022-10-31 15:51:29,863:INFO:Uploading model into container now
2022-10-31 15:51:29,864:INFO:create_model_container: 2
2022-10-31 15:51:29,864:INFO:master_model_container: 2
2022-10-31 15:51:29,866:INFO:display_container: 2
2022-10-31 15:51:29,868:INFO:KNeighborsClassifier(algorithm='auto', leaf_size=30, metric='minkowski',
                     metric_params=None, n_jobs=-1, n_neighbors=5, p=2,
                     weights='uniform')
2022-10-31 15:51:29,869:INFO:create_model() succesfully completed......................................
2022-10-31 15:51:30,004:INFO:SubProcess create_model() end ==================================
2022-10-31 15:51:30,005:INFO:Creating metrics dataframe
2022-10-31 15:51:30,015:INFO:Initializing Naive Bayes
2022-10-31 15:51:30,015:INFO:Total runtime is 1.0288809418678284 minutes
2022-10-31 15:51:30,024:INFO:SubProcess create_model() called ==================================
2022-10-31 15:51:30,025:INFO:Initializing create_model()
2022-10-31 15:51:30,025:INFO:create_model(estimator=nb, fold=StratifiedKFold(n_splits=10, random_state=None, shuffle=False), round=4, cross_validation=True, predict=True, fit_kwargs={}, groups=None, refit=False, verbose=False, system=False, metrics=None, experiment_custom_tags=None, add_to_model_list=True, probability_threshold=None, display=<pycaret.internal.Display.Display object at 0x000002C0F74A3588>, return_train_score=False, kwargs={})
2022-10-31 15:51:30,027:INFO:Checking exceptions
2022-10-31 15:51:30,028:INFO:Importing libraries
2022-10-31 15:51:30,028:INFO:Copying training dataset
2022-10-31 15:51:30,029:INFO:Defining folds
2022-10-31 15:51:30,030:INFO:Declaring metric variables
2022-10-31 15:51:30,039:INFO:Importing untrained model
2022-10-31 15:51:30,049:INFO:Naive Bayes Imported succesfully
2022-10-31 15:51:30,066:INFO:Starting cross validation
2022-10-31 15:51:30,067:INFO:Cross validating with StratifiedKFold(n_splits=10, random_state=None, shuffle=False), n_jobs=-1
2022-10-31 15:51:30,227:INFO:Calculating mean and std
2022-10-31 15:51:30,228:INFO:Creating metrics dataframe
2022-10-31 15:51:30,238:INFO:Uploading results into container
2022-10-31 15:51:30,238:INFO:Uploading model into container now
2022-10-31 15:51:30,239:INFO:create_model_container: 3
2022-10-31 15:51:30,239:INFO:master_model_container: 3
2022-10-31 15:51:30,240:INFO:display_container: 2
2022-10-31 15:51:30,241:INFO:GaussianNB(priors=None, var_smoothing=1e-09)
2022-10-31 15:51:30,241:INFO:create_model() succesfully completed......................................
2022-10-31 15:51:30,384:INFO:SubProcess create_model() end ==================================
2022-10-31 15:51:30,385:INFO:Creating metrics dataframe
2022-10-31 15:51:30,394:INFO:Initializing Decision Tree Classifier
2022-10-31 15:51:30,394:INFO:Total runtime is 1.0352006077766418 minutes
2022-10-31 15:51:30,401:INFO:SubProcess create_model() called ==================================
2022-10-31 15:51:30,403:INFO:Initializing create_model()
2022-10-31 15:51:30,403:INFO:create_model(estimator=dt, fold=StratifiedKFold(n_splits=10, random_state=None, shuffle=False), round=4, cross_validation=True, predict=True, fit_kwargs={}, groups=None, refit=False, verbose=False, system=False, metrics=None, experiment_custom_tags=None, add_to_model_list=True, probability_threshold=None, display=<pycaret.internal.Display.Display object at 0x000002C0F74A3588>, return_train_score=False, kwargs={})
2022-10-31 15:51:30,405:INFO:Checking exceptions
2022-10-31 15:51:30,406:INFO:Importing libraries
2022-10-31 15:51:30,407:INFO:Copying training dataset
2022-10-31 15:51:30,408:INFO:Defining folds
2022-10-31 15:51:30,409:INFO:Declaring metric variables
2022-10-31 15:51:30,416:INFO:Importing untrained model
2022-10-31 15:51:30,424:INFO:Decision Tree Classifier Imported succesfully
2022-10-31 15:51:30,440:INFO:Starting cross validation
2022-10-31 15:51:30,442:INFO:Cross validating with StratifiedKFold(n_splits=10, random_state=None, shuffle=False), n_jobs=-1
2022-10-31 15:51:30,663:INFO:Calculating mean and std
2022-10-31 15:51:30,665:INFO:Creating metrics dataframe
2022-10-31 15:51:30,676:INFO:Uploading results into container
2022-10-31 15:51:30,676:INFO:Uploading model into container now
2022-10-31 15:51:30,677:INFO:create_model_container: 4
2022-10-31 15:51:30,678:INFO:master_model_container: 4
2022-10-31 15:51:30,678:INFO:display_container: 2
2022-10-31 15:51:30,680:INFO:DecisionTreeClassifier(ccp_alpha=0.0, class_weight=None, criterion='gini',
                       max_depth=None, max_features=None, max_leaf_nodes=None,
                       min_impurity_decrease=0.0, min_impurity_split=None,
                       min_samples_leaf=1, min_samples_split=2,
                       min_weight_fraction_leaf=0.0, presort='deprecated',
                       random_state=4489, splitter='best')
2022-10-31 15:51:30,681:INFO:create_model() succesfully completed......................................
2022-10-31 15:51:30,844:INFO:SubProcess create_model() end ==================================
2022-10-31 15:51:30,846:INFO:Creating metrics dataframe
2022-10-31 15:51:30,863:INFO:Initializing SVM - Linear Kernel
2022-10-31 15:51:30,865:INFO:Total runtime is 1.0430592815081279 minutes
2022-10-31 15:51:30,881:INFO:SubProcess create_model() called ==================================
2022-10-31 15:51:30,883:INFO:Initializing create_model()
2022-10-31 15:51:30,884:INFO:create_model(estimator=svm, fold=StratifiedKFold(n_splits=10, random_state=None, shuffle=False), round=4, cross_validation=True, predict=True, fit_kwargs={}, groups=None, refit=False, verbose=False, system=False, metrics=None, experiment_custom_tags=None, add_to_model_list=True, probability_threshold=None, display=<pycaret.internal.Display.Display object at 0x000002C0F74A3588>, return_train_score=False, kwargs={})
2022-10-31 15:51:30,886:INFO:Checking exceptions
2022-10-31 15:51:30,888:INFO:Importing libraries
2022-10-31 15:51:30,889:INFO:Copying training dataset
2022-10-31 15:51:30,892:INFO:Defining folds
2022-10-31 15:51:30,894:INFO:Declaring metric variables
2022-10-31 15:51:30,906:INFO:Importing untrained model
2022-10-31 15:51:30,919:INFO:SVM - Linear Kernel Imported succesfully
2022-10-31 15:51:30,939:INFO:Starting cross validation
2022-10-31 15:51:30,941:INFO:Cross validating with StratifiedKFold(n_splits=10, random_state=None, shuffle=False), n_jobs=-1
2022-10-31 15:51:31,371:INFO:Calculating mean and std
2022-10-31 15:51:31,375:INFO:Creating metrics dataframe
2022-10-31 15:51:31,389:INFO:Uploading results into container
2022-10-31 15:51:31,391:INFO:Uploading model into container now
2022-10-31 15:51:31,391:INFO:create_model_container: 5
2022-10-31 15:51:31,391:INFO:master_model_container: 5
2022-10-31 15:51:31,391:INFO:display_container: 2
2022-10-31 15:51:31,395:INFO:SGDClassifier(alpha=0.0001, average=False, class_weight=None,
              early_stopping=False, epsilon=0.1, eta0=0.001, fit_intercept=True,
              l1_ratio=0.15, learning_rate='optimal', loss='hinge',
              max_iter=1000, n_iter_no_change=5, n_jobs=-1, penalty='l2',
              power_t=0.5, random_state=4489, shuffle=True, tol=0.001,
              validation_fraction=0.1, verbose=0, warm_start=False)
2022-10-31 15:51:31,395:INFO:create_model() succesfully completed......................................
2022-10-31 15:51:31,614:INFO:SubProcess create_model() end ==================================
2022-10-31 15:51:31,614:INFO:Creating metrics dataframe
2022-10-31 15:51:31,632:INFO:Initializing Ridge Classifier
2022-10-31 15:51:31,632:INFO:Total runtime is 1.055836554368337 minutes
2022-10-31 15:51:31,645:INFO:SubProcess create_model() called ==================================
2022-10-31 15:51:31,645:INFO:Initializing create_model()
2022-10-31 15:51:31,645:INFO:create_model(estimator=ridge, fold=StratifiedKFold(n_splits=10, random_state=None, shuffle=False), round=4, cross_validation=True, predict=True, fit_kwargs={}, groups=None, refit=False, verbose=False, system=False, metrics=None, experiment_custom_tags=None, add_to_model_list=True, probability_threshold=None, display=<pycaret.internal.Display.Display object at 0x000002C0F74A3588>, return_train_score=False, kwargs={})
2022-10-31 15:51:31,650:INFO:Checking exceptions
2022-10-31 15:51:31,650:INFO:Importing libraries
2022-10-31 15:51:31,652:INFO:Copying training dataset
2022-10-31 15:51:31,652:INFO:Defining folds
2022-10-31 15:51:31,654:INFO:Declaring metric variables
2022-10-31 15:51:31,664:INFO:Importing untrained model
2022-10-31 15:51:31,680:INFO:Ridge Classifier Imported succesfully
2022-10-31 15:51:31,715:INFO:Starting cross validation
2022-10-31 15:51:31,715:INFO:Cross validating with StratifiedKFold(n_splits=10, random_state=None, shuffle=False), n_jobs=-1
2022-10-31 15:51:32,962:INFO:Calculating mean and std
2022-10-31 15:51:32,964:INFO:Creating metrics dataframe
2022-10-31 15:51:32,972:INFO:Uploading results into container
2022-10-31 15:51:32,972:INFO:Uploading model into container now
2022-10-31 15:51:32,973:INFO:create_model_container: 6
2022-10-31 15:51:32,973:INFO:master_model_container: 6
2022-10-31 15:51:32,974:INFO:display_container: 2
2022-10-31 15:51:32,975:INFO:RidgeClassifier(alpha=1.0, class_weight=None, copy_X=True, fit_intercept=True,
                max_iter=None, normalize=False, random_state=4489,
                solver='auto', tol=0.001)
2022-10-31 15:51:32,975:INFO:create_model() succesfully completed......................................
2022-10-31 15:51:33,113:INFO:SubProcess create_model() end ==================================
2022-10-31 15:51:33,114:INFO:Creating metrics dataframe
2022-10-31 15:51:33,124:INFO:Initializing Random Forest Classifier
2022-10-31 15:51:33,125:INFO:Total runtime is 1.0807161251703898 minutes
2022-10-31 15:51:33,134:INFO:SubProcess create_model() called ==================================
2022-10-31 15:51:33,136:INFO:Initializing create_model()
2022-10-31 15:51:33,136:INFO:create_model(estimator=rf, fold=StratifiedKFold(n_splits=10, random_state=None, shuffle=False), round=4, cross_validation=True, predict=True, fit_kwargs={}, groups=None, refit=False, verbose=False, system=False, metrics=None, experiment_custom_tags=None, add_to_model_list=True, probability_threshold=None, display=<pycaret.internal.Display.Display object at 0x000002C0F74A3588>, return_train_score=False, kwargs={})
2022-10-31 15:51:33,137:INFO:Checking exceptions
2022-10-31 15:51:33,138:INFO:Importing libraries
2022-10-31 15:51:33,139:INFO:Copying training dataset
2022-10-31 15:51:33,140:INFO:Defining folds
2022-10-31 15:51:33,141:INFO:Declaring metric variables
2022-10-31 15:51:33,148:INFO:Importing untrained model
2022-10-31 15:51:33,159:INFO:Random Forest Classifier Imported succesfully
2022-10-31 15:51:33,174:INFO:Starting cross validation
2022-10-31 15:51:33,176:INFO:Cross validating with StratifiedKFold(n_splits=10, random_state=None, shuffle=False), n_jobs=-1
2022-10-31 15:51:36,806:INFO:Calculating mean and std
2022-10-31 15:51:36,806:INFO:Creating metrics dataframe
2022-10-31 15:51:36,814:INFO:Uploading results into container
2022-10-31 15:51:36,814:INFO:Uploading model into container now
2022-10-31 15:51:36,814:INFO:create_model_container: 7
2022-10-31 15:51:36,822:INFO:master_model_container: 7
2022-10-31 15:51:36,822:INFO:display_container: 2
2022-10-31 15:51:36,822:INFO:RandomForestClassifier(bootstrap=True, ccp_alpha=0.0, class_weight=None,
                       criterion='gini', max_depth=None, max_features='auto',
                       max_leaf_nodes=None, max_samples=None,
                       min_impurity_decrease=0.0, min_impurity_split=None,
                       min_samples_leaf=1, min_samples_split=2,
                       min_weight_fraction_leaf=0.0, n_estimators=100,
                       n_jobs=-1, oob_score=False, random_state=4489, verbose=0,
                       warm_start=False)
2022-10-31 15:51:36,825:INFO:create_model() succesfully completed......................................
2022-10-31 15:51:36,964:INFO:SubProcess create_model() end ==================================
2022-10-31 15:51:36,964:INFO:Creating metrics dataframe
2022-10-31 15:51:36,972:INFO:Initializing Quadratic Discriminant Analysis
2022-10-31 15:51:36,972:INFO:Total runtime is 1.1448347489039103 minutes
2022-10-31 15:51:36,988:INFO:SubProcess create_model() called ==================================
2022-10-31 15:51:36,988:INFO:Initializing create_model()
2022-10-31 15:51:36,988:INFO:create_model(estimator=qda, fold=StratifiedKFold(n_splits=10, random_state=None, shuffle=False), round=4, cross_validation=True, predict=True, fit_kwargs={}, groups=None, refit=False, verbose=False, system=False, metrics=None, experiment_custom_tags=None, add_to_model_list=True, probability_threshold=None, display=<pycaret.internal.Display.Display object at 0x000002C0F74A3588>, return_train_score=False, kwargs={})
2022-10-31 15:51:36,988:INFO:Checking exceptions
2022-10-31 15:51:36,988:INFO:Importing libraries
2022-10-31 15:51:36,988:INFO:Copying training dataset
2022-10-31 15:51:36,988:INFO:Defining folds
2022-10-31 15:51:36,988:INFO:Declaring metric variables
2022-10-31 15:51:36,996:INFO:Importing untrained model
2022-10-31 15:51:37,004:INFO:Quadratic Discriminant Analysis Imported succesfully
2022-10-31 15:51:37,025:INFO:Starting cross validation
2022-10-31 15:51:37,025:INFO:Cross validating with StratifiedKFold(n_splits=10, random_state=None, shuffle=False), n_jobs=-1
2022-10-31 15:51:38,016:INFO:Calculating mean and std
2022-10-31 15:51:38,017:INFO:Creating metrics dataframe
2022-10-31 15:51:38,024:INFO:Uploading results into container
2022-10-31 15:51:38,025:INFO:Uploading model into container now
2022-10-31 15:51:38,025:INFO:create_model_container: 8
2022-10-31 15:51:38,026:INFO:master_model_container: 8
2022-10-31 15:51:38,027:INFO:display_container: 2
2022-10-31 15:51:38,028:INFO:QuadraticDiscriminantAnalysis(priors=None, reg_param=0.0,
                              store_covariance=False, tol=0.0001)
2022-10-31 15:51:38,029:INFO:create_model() succesfully completed......................................
2022-10-31 15:51:38,170:INFO:SubProcess create_model() end ==================================
2022-10-31 15:51:38,171:INFO:Creating metrics dataframe
2022-10-31 15:51:38,182:INFO:Initializing Ada Boost Classifier
2022-10-31 15:51:38,183:INFO:Total runtime is 1.1650131583213807 minutes
2022-10-31 15:51:38,190:INFO:SubProcess create_model() called ==================================
2022-10-31 15:51:38,192:INFO:Initializing create_model()
2022-10-31 15:51:38,193:INFO:create_model(estimator=ada, fold=StratifiedKFold(n_splits=10, random_state=None, shuffle=False), round=4, cross_validation=True, predict=True, fit_kwargs={}, groups=None, refit=False, verbose=False, system=False, metrics=None, experiment_custom_tags=None, add_to_model_list=True, probability_threshold=None, display=<pycaret.internal.Display.Display object at 0x000002C0F74A3588>, return_train_score=False, kwargs={})
2022-10-31 15:51:38,194:INFO:Checking exceptions
2022-10-31 15:51:38,194:INFO:Importing libraries
2022-10-31 15:51:38,195:INFO:Copying training dataset
2022-10-31 15:51:38,197:INFO:Defining folds
2022-10-31 15:51:38,197:INFO:Declaring metric variables
2022-10-31 15:51:38,206:INFO:Importing untrained model
2022-10-31 15:51:38,215:INFO:Ada Boost Classifier Imported succesfully
2022-10-31 15:51:38,231:INFO:Starting cross validation
2022-10-31 15:51:38,233:INFO:Cross validating with StratifiedKFold(n_splits=10, random_state=None, shuffle=False), n_jobs=-1
2022-10-31 15:51:39,076:INFO:Calculating mean and std
2022-10-31 15:51:39,076:INFO:Creating metrics dataframe
2022-10-31 15:51:39,085:INFO:Uploading results into container
2022-10-31 15:51:39,085:INFO:Uploading model into container now
2022-10-31 15:51:39,085:INFO:create_model_container: 9
2022-10-31 15:51:39,092:INFO:master_model_container: 9
2022-10-31 15:51:39,092:INFO:display_container: 2
2022-10-31 15:51:39,092:INFO:AdaBoostClassifier(algorithm='SAMME.R', base_estimator=None, learning_rate=1.0,
                   n_estimators=50, random_state=4489)
2022-10-31 15:51:39,092:INFO:create_model() succesfully completed......................................
2022-10-31 15:51:39,255:INFO:SubProcess create_model() end ==================================
2022-10-31 15:51:39,255:INFO:Creating metrics dataframe
2022-10-31 15:51:39,265:INFO:Initializing Gradient Boosting Classifier
2022-10-31 15:51:39,265:INFO:Total runtime is 1.183049229780833 minutes
2022-10-31 15:51:39,273:INFO:SubProcess create_model() called ==================================
2022-10-31 15:51:39,273:INFO:Initializing create_model()
2022-10-31 15:51:39,273:INFO:create_model(estimator=gbc, fold=StratifiedKFold(n_splits=10, random_state=None, shuffle=False), round=4, cross_validation=True, predict=True, fit_kwargs={}, groups=None, refit=False, verbose=False, system=False, metrics=None, experiment_custom_tags=None, add_to_model_list=True, probability_threshold=None, display=<pycaret.internal.Display.Display object at 0x000002C0F74A3588>, return_train_score=False, kwargs={})
2022-10-31 15:51:39,273:INFO:Checking exceptions
2022-10-31 15:51:39,273:INFO:Importing libraries
2022-10-31 15:51:39,273:INFO:Copying training dataset
2022-10-31 15:51:39,273:INFO:Defining folds
2022-10-31 15:51:39,285:INFO:Declaring metric variables
2022-10-31 15:51:39,301:INFO:Importing untrained model
2022-10-31 15:51:39,315:INFO:Gradient Boosting Classifier Imported succesfully
2022-10-31 15:51:39,335:INFO:Starting cross validation
2022-10-31 15:51:39,335:INFO:Cross validating with StratifiedKFold(n_splits=10, random_state=None, shuffle=False), n_jobs=-1
2022-10-31 15:51:40,464:INFO:Calculating mean and std
2022-10-31 15:51:40,465:INFO:Creating metrics dataframe
2022-10-31 15:51:40,481:INFO:Uploading results into container
2022-10-31 15:51:40,482:INFO:Uploading model into container now
2022-10-31 15:51:40,484:INFO:create_model_container: 10
2022-10-31 15:51:40,486:INFO:master_model_container: 10
2022-10-31 15:51:40,488:INFO:display_container: 2
2022-10-31 15:51:40,491:INFO:GradientBoostingClassifier(ccp_alpha=0.0, criterion='friedman_mse', init=None,
                           learning_rate=0.1, loss='deviance', max_depth=3,
                           max_features=None, max_leaf_nodes=None,
                           min_impurity_decrease=0.0, min_impurity_split=None,
                           min_samples_leaf=1, min_samples_split=2,
                           min_weight_fraction_leaf=0.0, n_estimators=100,
                           n_iter_no_change=None, presort='deprecated',
                           random_state=4489, subsample=1.0, tol=0.0001,
                           validation_fraction=0.1, verbose=0,
                           warm_start=False)
2022-10-31 15:51:40,494:INFO:create_model() succesfully completed......................................
2022-10-31 15:51:40,663:INFO:SubProcess create_model() end ==================================
2022-10-31 15:51:40,668:INFO:Creating metrics dataframe
2022-10-31 15:51:40,690:INFO:Initializing Linear Discriminant Analysis
2022-10-31 15:51:40,691:INFO:Total runtime is 1.2068243861198427 minutes
2022-10-31 15:51:40,702:INFO:SubProcess create_model() called ==================================
2022-10-31 15:51:40,703:INFO:Initializing create_model()
2022-10-31 15:51:40,704:INFO:create_model(estimator=lda, fold=StratifiedKFold(n_splits=10, random_state=None, shuffle=False), round=4, cross_validation=True, predict=True, fit_kwargs={}, groups=None, refit=False, verbose=False, system=False, metrics=None, experiment_custom_tags=None, add_to_model_list=True, probability_threshold=None, display=<pycaret.internal.Display.Display object at 0x000002C0F74A3588>, return_train_score=False, kwargs={})
2022-10-31 15:51:40,705:INFO:Checking exceptions
2022-10-31 15:51:40,706:INFO:Importing libraries
2022-10-31 15:51:40,707:INFO:Copying training dataset
2022-10-31 15:51:40,708:INFO:Defining folds
2022-10-31 15:51:40,709:INFO:Declaring metric variables
2022-10-31 15:51:40,719:INFO:Importing untrained model
2022-10-31 15:51:40,729:INFO:Linear Discriminant Analysis Imported succesfully
2022-10-31 15:51:40,751:INFO:Starting cross validation
2022-10-31 15:51:40,752:INFO:Cross validating with StratifiedKFold(n_splits=10, random_state=None, shuffle=False), n_jobs=-1
2022-10-31 15:51:41,800:INFO:Calculating mean and std
2022-10-31 15:51:41,801:INFO:Creating metrics dataframe
2022-10-31 15:51:41,808:INFO:Uploading results into container
2022-10-31 15:51:41,809:INFO:Uploading model into container now
2022-10-31 15:51:41,809:INFO:create_model_container: 11
2022-10-31 15:51:41,810:INFO:master_model_container: 11
2022-10-31 15:51:41,810:INFO:display_container: 2
2022-10-31 15:51:41,812:INFO:LinearDiscriminantAnalysis(n_components=None, priors=None, shrinkage=None,
                           solver='svd', store_covariance=False, tol=0.0001)
2022-10-31 15:51:41,812:INFO:create_model() succesfully completed......................................
2022-10-31 15:51:41,957:INFO:SubProcess create_model() end ==================================
2022-10-31 15:51:41,958:INFO:Creating metrics dataframe
2022-10-31 15:51:41,967:INFO:Initializing Extra Trees Classifier
2022-10-31 15:51:41,967:INFO:Total runtime is 1.2280850887298584 minutes
2022-10-31 15:51:41,976:INFO:SubProcess create_model() called ==================================
2022-10-31 15:51:41,977:INFO:Initializing create_model()
2022-10-31 15:51:41,978:INFO:create_model(estimator=et, fold=StratifiedKFold(n_splits=10, random_state=None, shuffle=False), round=4, cross_validation=True, predict=True, fit_kwargs={}, groups=None, refit=False, verbose=False, system=False, metrics=None, experiment_custom_tags=None, add_to_model_list=True, probability_threshold=None, display=<pycaret.internal.Display.Display object at 0x000002C0F74A3588>, return_train_score=False, kwargs={})
2022-10-31 15:51:41,979:INFO:Checking exceptions
2022-10-31 15:51:41,980:INFO:Importing libraries
2022-10-31 15:51:41,981:INFO:Copying training dataset
2022-10-31 15:51:41,982:INFO:Defining folds
2022-10-31 15:51:41,983:INFO:Declaring metric variables
2022-10-31 15:51:41,990:INFO:Importing untrained model
2022-10-31 15:51:42,000:INFO:Extra Trees Classifier Imported succesfully
2022-10-31 15:51:42,017:INFO:Starting cross validation
2022-10-31 15:51:42,019:INFO:Cross validating with StratifiedKFold(n_splits=10, random_state=None, shuffle=False), n_jobs=-1
2022-10-31 15:51:45,335:INFO:Calculating mean and std
2022-10-31 15:51:45,335:INFO:Creating metrics dataframe
2022-10-31 15:51:45,345:INFO:Uploading results into container
2022-10-31 15:51:45,345:INFO:Uploading model into container now
2022-10-31 15:51:45,345:INFO:create_model_container: 12
2022-10-31 15:51:45,345:INFO:master_model_container: 12
2022-10-31 15:51:45,355:INFO:display_container: 2
2022-10-31 15:51:45,355:INFO:ExtraTreesClassifier(bootstrap=False, ccp_alpha=0.0, class_weight=None,
                     criterion='gini', max_depth=None, max_features='auto',
                     max_leaf_nodes=None, max_samples=None,
                     min_impurity_decrease=0.0, min_impurity_split=None,
                     min_samples_leaf=1, min_samples_split=2,
                     min_weight_fraction_leaf=0.0, n_estimators=100, n_jobs=-1,
                     oob_score=False, random_state=4489, verbose=0,
                     warm_start=False)
2022-10-31 15:51:45,355:INFO:create_model() succesfully completed......................................
2022-10-31 15:51:45,535:INFO:SubProcess create_model() end ==================================
2022-10-31 15:51:45,535:INFO:Creating metrics dataframe
2022-10-31 15:51:45,552:INFO:Initializing Light Gradient Boosting Machine
2022-10-31 15:51:45,552:INFO:Total runtime is 1.2878331979115805 minutes
2022-10-31 15:51:45,565:INFO:SubProcess create_model() called ==================================
2022-10-31 15:51:45,565:INFO:Initializing create_model()
2022-10-31 15:51:45,565:INFO:create_model(estimator=lightgbm, fold=StratifiedKFold(n_splits=10, random_state=None, shuffle=False), round=4, cross_validation=True, predict=True, fit_kwargs={}, groups=None, refit=False, verbose=False, system=False, metrics=None, experiment_custom_tags=None, add_to_model_list=True, probability_threshold=None, display=<pycaret.internal.Display.Display object at 0x000002C0F74A3588>, return_train_score=False, kwargs={})
2022-10-31 15:51:45,574:INFO:Checking exceptions
2022-10-31 15:51:45,574:INFO:Importing libraries
2022-10-31 15:51:45,574:INFO:Copying training dataset
2022-10-31 15:51:45,574:INFO:Defining folds
2022-10-31 15:51:45,574:INFO:Declaring metric variables
2022-10-31 15:51:45,598:INFO:Importing untrained model
2022-10-31 15:51:45,615:INFO:Light Gradient Boosting Machine Imported succesfully
2022-10-31 15:51:45,645:INFO:Starting cross validation
2022-10-31 15:51:45,655:INFO:Cross validating with StratifiedKFold(n_splits=10, random_state=None, shuffle=False), n_jobs=-1
2022-10-31 15:51:46,593:INFO:Calculating mean and std
2022-10-31 15:51:46,595:INFO:Creating metrics dataframe
2022-10-31 15:51:46,602:INFO:Uploading results into container
2022-10-31 15:51:46,602:INFO:Uploading model into container now
2022-10-31 15:51:46,603:INFO:create_model_container: 13
2022-10-31 15:51:46,604:INFO:master_model_container: 13
2022-10-31 15:51:46,604:INFO:display_container: 2
2022-10-31 15:51:46,606:INFO:LGBMClassifier(boosting_type='gbdt', class_weight=None, colsample_bytree=1.0,
               importance_type='split', learning_rate=0.1, max_depth=-1,
               min_child_samples=20, min_child_weight=0.001, min_split_gain=0.0,
               n_estimators=100, n_jobs=-1, num_leaves=31, objective=None,
               random_state=4489, reg_alpha=0.0, reg_lambda=0.0, silent='warn',
               subsample=1.0, subsample_for_bin=200000, subsample_freq=0)
2022-10-31 15:51:46,608:INFO:create_model() succesfully completed......................................
2022-10-31 15:51:46,815:INFO:SubProcess create_model() end ==================================
2022-10-31 15:51:46,815:INFO:Creating metrics dataframe
2022-10-31 15:51:46,833:INFO:Initializing Dummy Classifier
2022-10-31 15:51:46,833:INFO:Total runtime is 1.309180748462677 minutes
2022-10-31 15:51:46,845:INFO:SubProcess create_model() called ==================================
2022-10-31 15:51:46,845:INFO:Initializing create_model()
2022-10-31 15:51:46,845:INFO:create_model(estimator=dummy, fold=StratifiedKFold(n_splits=10, random_state=None, shuffle=False), round=4, cross_validation=True, predict=True, fit_kwargs={}, groups=None, refit=False, verbose=False, system=False, metrics=None, experiment_custom_tags=None, add_to_model_list=True, probability_threshold=None, display=<pycaret.internal.Display.Display object at 0x000002C0F74A3588>, return_train_score=False, kwargs={})
2022-10-31 15:51:46,845:INFO:Checking exceptions
2022-10-31 15:51:46,845:INFO:Importing libraries
2022-10-31 15:51:46,850:INFO:Copying training dataset
2022-10-31 15:51:46,850:INFO:Defining folds
2022-10-31 15:51:46,850:INFO:Declaring metric variables
2022-10-31 15:51:46,855:INFO:Importing untrained model
2022-10-31 15:51:46,870:INFO:Dummy Classifier Imported succesfully
2022-10-31 15:51:46,910:INFO:Starting cross validation
2022-10-31 15:51:46,910:INFO:Cross validating with StratifiedKFold(n_splits=10, random_state=None, shuffle=False), n_jobs=-1
2022-10-31 15:51:47,050:INFO:Calculating mean and std
2022-10-31 15:51:47,050:INFO:Creating metrics dataframe
2022-10-31 15:51:47,065:INFO:Uploading results into container
2022-10-31 15:51:47,065:INFO:Uploading model into container now
2022-10-31 15:51:47,065:INFO:create_model_container: 14
2022-10-31 15:51:47,065:INFO:master_model_container: 14
2022-10-31 15:51:47,065:INFO:display_container: 2
2022-10-31 15:51:47,065:INFO:DummyClassifier(constant=None, random_state=4489, strategy='prior')
2022-10-31 15:51:47,065:INFO:create_model() succesfully completed......................................
2022-10-31 15:51:47,258:INFO:SubProcess create_model() end ==================================
2022-10-31 15:51:47,258:INFO:Creating metrics dataframe
2022-10-31 15:51:47,314:INFO:Initializing create_model()
2022-10-31 15:51:47,314:INFO:create_model(estimator=LGBMClassifier(boosting_type='gbdt', class_weight=None, colsample_bytree=1.0,
               importance_type='split', learning_rate=0.1, max_depth=-1,
               min_child_samples=20, min_child_weight=0.001, min_split_gain=0.0,
               n_estimators=100, n_jobs=-1, num_leaves=31, objective=None,
               random_state=4489, reg_alpha=0.0, reg_lambda=0.0, silent='warn',
               subsample=1.0, subsample_for_bin=200000, subsample_freq=0), fold=StratifiedKFold(n_splits=10, random_state=None, shuffle=False), round=4, cross_validation=False, predict=False, fit_kwargs={}, groups=None, refit=True, verbose=False, system=False, metrics=None, experiment_custom_tags=None, add_to_model_list=True, probability_threshold=None, display=None, return_train_score=False, kwargs={})
2022-10-31 15:51:47,322:INFO:Checking exceptions
2022-10-31 15:51:47,322:INFO:Importing libraries
2022-10-31 15:51:47,322:INFO:Copying training dataset
2022-10-31 15:51:47,322:INFO:Defining folds
2022-10-31 15:51:47,322:INFO:Declaring metric variables
2022-10-31 15:51:47,322:INFO:Importing untrained model
2022-10-31 15:51:47,322:INFO:Declaring custom model
2022-10-31 15:51:47,322:INFO:Light Gradient Boosting Machine Imported succesfully
2022-10-31 15:51:47,330:INFO:Cross validation set to False
2022-10-31 15:51:47,330:INFO:Fitting Model
2022-10-31 15:51:47,695:INFO:LGBMClassifier(boosting_type='gbdt', class_weight=None, colsample_bytree=1.0,
               importance_type='split', learning_rate=0.1, max_depth=-1,
               min_child_samples=20, min_child_weight=0.001, min_split_gain=0.0,
               n_estimators=100, n_jobs=-1, num_leaves=31, objective=None,
               random_state=4489, reg_alpha=0.0, reg_lambda=0.0, silent='warn',
               subsample=1.0, subsample_for_bin=200000, subsample_freq=0)
2022-10-31 15:51:47,695:INFO:create_models() succesfully completed......................................
2022-10-31 15:51:47,885:INFO:create_model_container: 14
2022-10-31 15:51:47,885:INFO:master_model_container: 14
2022-10-31 15:51:47,885:INFO:display_container: 2
2022-10-31 15:51:47,890:INFO:LGBMClassifier(boosting_type='gbdt', class_weight=None, colsample_bytree=1.0,
               importance_type='split', learning_rate=0.1, max_depth=-1,
               min_child_samples=20, min_child_weight=0.001, min_split_gain=0.0,
               n_estimators=100, n_jobs=-1, num_leaves=31, objective=None,
               random_state=4489, reg_alpha=0.0, reg_lambda=0.0, silent='warn',
               subsample=1.0, subsample_for_bin=200000, subsample_freq=0)
2022-10-31 15:51:47,890:INFO:compare_models() succesfully completed......................................
2022-10-31 15:51:47,905:INFO:Initializing save_model()
2022-10-31 15:51:47,910:INFO:save_model(model=LGBMClassifier(boosting_type='gbdt', class_weight=None, colsample_bytree=1.0,
               importance_type='split', learning_rate=0.1, max_depth=-1,
               min_child_samples=20, min_child_weight=0.001, min_split_gain=0.0,
               n_estimators=100, n_jobs=-1, num_leaves=31, objective=None,
               random_state=4489, reg_alpha=0.0, reg_lambda=0.0, silent='warn',
               subsample=1.0, subsample_for_bin=200000, subsample_freq=0), model_name=best_model, prep_pipe_=Pipeline(memory=None,
         steps=[('dtypes',
                 DataTypes_Auto_infer(categorical_features=[],
                                      display_types=False, features_todrop=[],
                                      id_columns=[],
                                      ml_usecase='classification',
                                      numerical_features=[],
                                      target='Transported', time_features=[])),
                ('imputer',
                 Simple_Imputer(categorical_strategy='not_available',
                                fill_value_categorical=None,
                                fill_value_numerical=None,
                                numeric...
                ('scaling', 'passthrough'), ('P_transform', 'passthrough'),
                ('binn', 'passthrough'), ('rem_outliers', 'passthrough'),
                ('cluster_all', 'passthrough'),
                ('dummy', Dummify(target='Transported')),
                ('fix_perfect', Remove_100(target='Transported')),
                ('clean_names', Clean_Colum_Names()),
                ('feature_select', 'passthrough'), ('fix_multi', 'passthrough'),
                ('dfs', 'passthrough'), ('pca', 'passthrough')],
         verbose=False), verbose=True, kwargs={})
2022-10-31 15:51:47,915:INFO:Adding model into prep_pipe
2022-10-31 15:51:47,965:INFO:best_model.pkl saved in current working directory
2022-10-31 15:51:47,985:INFO:Pipeline(memory=None,
         steps=[('dtypes',
                 DataTypes_Auto_infer(categorical_features=[],
                                      display_types=False, features_todrop=[],
                                      id_columns=[],
                                      ml_usecase='classification',
                                      numerical_features=[],
                                      target='Transported', time_features=[])),
                ('imputer',
                 Simple_Imputer(categorical_strategy='not_available',
                                fill_value_categorical=None,
                                fill_value_numerical=None,
                                numeric...
                 LGBMClassifier(boosting_type='gbdt', class_weight=None,
                                colsample_bytree=1.0, importance_type='split',
                                learning_rate=0.1, max_depth=-1,
                                min_child_samples=20, min_child_weight=0.001,
                                min_split_gain=0.0, n_estimators=100, n_jobs=-1,
                                num_leaves=31, objective=None,
                                random_state=4489, reg_alpha=0.0,
                                reg_lambda=0.0, silent='warn', subsample=1.0,
                                subsample_for_bin=200000, subsample_freq=0)]],
         verbose=False)
2022-10-31 15:51:47,990:INFO:save_model() successfully completed......................................
